<?xml version="1.0" encoding="UTF-8"?>
<!-- Generated by org.testng.reporters.JUnitXMLReporter -->
<testsuite ignored="0" hostname="DESKTOP-OQSCL5N" failures="2" tests="4" name="Test" time="265.356" errors="0" timestamp="2022-11-13T12:33:25 IST">
  <testcase classname="vtiger.ContactTest.CreateContactTest" name="CreateContactTest" time="99.631"/>
  <testcase classname="vtiger.ContactTest.CreateContactTest" name="createContactDemo" time="0.003">
    <failure type="java.lang.AssertionError" message="null">
      <![CDATA[java.lang.AssertionError: null
at vtiger.ContactTest.CreateContactTest.createContactDemo(CreateContactTest.java:102)
at java.base/java.util.ArrayList.forEach(ArrayList.java:1511)
... Removed 29 stack frames]]>
    </failure>
  </testcase> <!-- createContactDemo -->
  <testcase classname="vtiger.ContactTest.CreateContactTest" name="createContactWithLeadSource" time="0.004">
    <failure type="java.lang.AssertionError" message="null">
      <![CDATA[java.lang.AssertionError: null
at vtiger.ContactTest.CreateContactTest.createContactWithLeadSource(CreateContactTest.java:108)
at java.base/java.util.ArrayList.forEach(ArrayList.java:1511)
... Removed 29 stack frames]]>
    </failure>
  </testcase> <!-- createContactWithLeadSource -->
  <testcase classname="vtiger.ContactTest.CreateContactTest" name="createContactWithLeadSourceAndOrg" time="0.003"/>
</testsuite> <!-- Test -->
