<?xml version="1.0" encoding="UTF-8"?>
<!-- Generated by org.testng.reporters.JUnitXMLReporter -->
<testsuite ignored="1" hostname="DESKTOP-OQSCL5N" failures="0" tests="4" name="Test" time="267.515" errors="0" timestamp="2022-11-28T12:41:54 IST">
  <testcase classname="vtiger.ContactTest.CreateContactTest" name="createContactDemo" time="0.063"/>
  <testcase classname="vtiger.ContactTest.CreateContactTest" name="createContactWithLeadSource" time="0.002"/>
  <testcase classname="vtiger.ContactTest.CreateContactTest" name="createContactWithLeadSourceAndOrg" time="0.001"/>
  <testcase classname="vtiger.ContactTest.CreateContactWithOrganizationsTest" name="CreateContactWithOrganizationsTest" time="265.869"/>
  <testcase classname="vtiger.ContactTest.CreateContactTest" name="CreateContactTest" time="0.0">
    <ignored/>
  </testcase> <!-- CreateContactTest -->
</testsuite> <!-- Test -->
