<?xml version="1.0" encoding="UTF-8"?>
<testng-results ignored="1" total="5" passed="4" failed="0" skipped="0">
  <reporter-output>
    <line>
      <![CDATA[Execution of suite started]]>
    </line>
    <line>
      <![CDATA[demo test]]>
    </line>
    <line>
      <![CDATA[Lead source]]>
    </line>
    <line>
      <![CDATA[Lead source with org]]>
    </line>
  </reporter-output>
  <suite started-at="2022-11-28T12:37:23 IST" name="Suite" finished-at="2022-11-28T12:41:51 IST" duration-ms="267515">
    <groups>
      <group name="regressionSuite">
        <method signature="CreateContactTest.createContactDemo()[pri:0, instance:vtiger.ContactTest.CreateContactTest@3bf9ce3e]" name="createContactDemo" class="vtiger.ContactTest.CreateContactTest"/>
        <method signature="CreateContactWithOrganizationsTest.CreateContactWithOrganizationsTest()[pri:0, instance:vtiger.ContactTest.CreateContactWithOrganizationsTest@7205765b]" name="CreateContactWithOrganizationsTest" class="vtiger.ContactTest.CreateContactWithOrganizationsTest"/>
      </group> <!-- regressionSuite -->
    </groups>
    <test started-at="2022-11-28T12:37:23 IST" name="Test" finished-at="2022-11-28T12:41:51 IST" duration-ms="267515">
      <class name="vtiger.ContactTest.CreateContactWithOrganizationsTest">
        <test-method signature="CreateContactWithOrganizationsTest()[pri:0, instance:vtiger.ContactTest.CreateContactWithOrganizationsTest@7205765b]" started-at="2022-11-28T12:37:25 IST" name="CreateContactWithOrganizationsTest" finished-at="2022-11-28T12:41:51 IST" duration-ms="265869" status="PASS">
          <reporter-output>
          </reporter-output>
        </test-method> <!-- CreateContactWithOrganizationsTest -->
      </class> <!-- vtiger.ContactTest.CreateContactWithOrganizationsTest -->
      <class name="vtiger.ContactTest.CreateContactTest">
        <test-method signature="createContactDemo()[pri:0, instance:vtiger.ContactTest.CreateContactTest@3bf9ce3e]" started-at="2022-11-28T12:37:25 IST" name="createContactDemo" finished-at="2022-11-28T12:37:25 IST" duration-ms="63" status="PASS">
          <reporter-output>
            <line>
              <![CDATA[demo test]]>
            </line>
          </reporter-output>
        </test-method> <!-- createContactDemo -->
        <test-method signature="createContactWithLeadSource()[pri:0, instance:vtiger.ContactTest.CreateContactTest@3bf9ce3e]" started-at="2022-11-28T12:37:25 IST" name="createContactWithLeadSource" finished-at="2022-11-28T12:37:25 IST" duration-ms="2" status="PASS">
          <reporter-output>
            <line>
              <![CDATA[Lead source]]>
            </line>
          </reporter-output>
        </test-method> <!-- createContactWithLeadSource -->
        <test-method signature="createContactWithLeadSourceAndOrg()[pri:0, instance:vtiger.ContactTest.CreateContactTest@3bf9ce3e]" started-at="2022-11-28T12:37:25 IST" name="createContactWithLeadSourceAndOrg" finished-at="2022-11-28T12:37:25 IST" duration-ms="1" status="PASS">
          <reporter-output>
            <line>
              <![CDATA[Lead source with org]]>
            </line>
          </reporter-output>
        </test-method> <!-- createContactWithLeadSourceAndOrg -->
      </class> <!-- vtiger.ContactTest.CreateContactTest -->
    </test> <!-- Test -->
  </suite> <!-- Suite -->
</testng-results>
